<?xml version="1.0" encoding="UTF-8"?>
<Site BuildName="(empty)"
	BuildStamp="20260430-0344-Experimental"
	Name="(empty)"
	Generator="ctest-4.3.1"
	CompilerName=""
	CompilerVersion=""
	OSName="Windows"
	Hostname="TaiAxolotl"
	OSRelease="10.0.26200"
	OSVersion="Windows 10"
	OSPlatform="AMD64"
	Is64Bits="1"
	VendorString="GenuineIntel"
	VendorID="Intel Corporation"
	FamilyID="6"
	ModelID="10"
	ModelName=""
	ProcessorCacheSize="-1"
	NumberOfLogicalCPU="16"
	NumberOfPhysicalCPU="12"
	TotalVirtualMemory="6144"
	TotalPhysicalMemory="16004"
	LogicalProcessorsPerPhysical="1"
	ProcessorClockFrequency="2500.000000"
	>
	<Testing>
		<StartDateTime>Apr 30 10:44 SE Asia Standard Time</StartDateTime>
		<StartTestTime>1777520648</StartTestTime>
		<TestList/>
		<EndDateTime>Apr 30 10:44 SE Asia Standard Time</EndDateTime>
		<EndTestTime>1777520648</EndTestTime>
		<ElapsedMinutes>0</ElapsedMinutes>
	</Testing>
</Site>
